{"F:\\Faculdade_zip\\Faculdade\\6periodo\\testes\\Seminario1_Testes\\src\\models\\Customer.js": {"path":"F:\\Faculdade_zip\\Faculdade\\6periodo\\testes\\Seminario1_Testes\\src\\models\\Customer.js","statementMap":{"0":{"start":{"line":3,"column":8},"end":{"line":5,"column":9}},"1":{"start":{"line":4,"column":12},"end":{"line":4,"column":58}},"2":{"start":{"line":6,"column":8},"end":{"line":6,"column":21}},"3":{"start":{"line":7,"column":8},"end":{"line":7,"column":25}},"4":{"start":{"line":11,"column":0},"end":{"line":11,"column":26}}},"fnMap":{"0":{"name":"(anonymous_0)","decl":{"start":{"line":2,"column":4},"end":{"line":2,"column":5}},"loc":{"start":{"line":2,"column":26},"end":{"line":8,"column":5}},"line":2}},"branchMap":{"0":{"loc":{"start":{"line":3,"column":8},"end":{"line":5,"column":9}},"type":"if","locations":[{"start":{"line":3,"column":8},"end":{"line":5,"column":9}},{"start":{},"end":{}}],"line":3},"1":{"loc":{"start":{"line":3,"column":12},"end":{"line":3,"column":24}},"type":"binary-expr","locations":[{"start":{"line":3,"column":12},"end":{"line":3,"column":15}},{"start":{"line":3,"column":19},"end":{"line":3,"column":24}}],"line":3}},"s":{"0":4,"1":1,"2":3,"3":3,"4":2},"f":{"0":4},"b":{"0":[1,3],"1":[4,4]},"_coverageSchema":"1a1c01bbd47fc00a2c39e90264f33305004495a9","hash":"78efa0edb18153c9dde3ab719402d08fd94f48f1"}
,"F:\\Faculdade_zip\\Faculdade\\6periodo\\testes\\Seminario1_Testes\\src\\models\\Order.js": {"path":"F:\\Faculdade_zip\\Faculdade\\6periodo\\testes\\Seminario1_Testes\\src\\models\\Order.js","statementMap":{"0":{"start":{"line":3,"column":8},"end":{"line":5,"column":9}},"1":{"start":{"line":4,"column":12},"end":{"line":4,"column":64}},"2":{"start":{"line":6,"column":8},"end":{"line":6,"column":21}},"3":{"start":{"line":7,"column":8},"end":{"line":7,"column":37}},"4":{"start":{"line":11,"column":0},"end":{"line":11,"column":23}}},"fnMap":{"0":{"name":"(anonymous_0)","decl":{"start":{"line":2,"column":4},"end":{"line":2,"column":5}},"loc":{"start":{"line":2,"column":32},"end":{"line":8,"column":5}},"line":2}},"branchMap":{"0":{"loc":{"start":{"line":3,"column":8},"end":{"line":5,"column":9}},"type":"if","locations":[{"start":{"line":3,"column":8},"end":{"line":5,"column":9}},{"start":{},"end":{}}],"line":3},"1":{"loc":{"start":{"line":3,"column":12},"end":{"line":3,"column":30}},"type":"binary-expr","locations":[{"start":{"line":3,"column":12},"end":{"line":3,"column":15}},{"start":{"line":3,"column":19},"end":{"line":3,"column":30}}],"line":3}},"s":{"0":5,"1":1,"2":4,"3":4,"4":2},"f":{"0":5},"b":{"0":[1,4],"1":[5,4]},"_coverageSchema":"1a1c01bbd47fc00a2c39e90264f33305004495a9","hash":"2fe803853561eaa6fdc4b031ae3d6221838ca7cb"}
,"F:\\Faculdade_zip\\Faculdade\\6periodo\\testes\\Seminario1_Testes\\src\\services\\CustomerService.js": {"path":"F:\\Faculdade_zip\\Faculdade\\6periodo\\testes\\Seminario1_Testes\\src\\services\\CustomerService.js","statementMap":{"0":{"start":{"line":1,"column":17},"end":{"line":1,"column":46}},"1":{"start":{"line":5,"column":8},"end":{"line":5,"column":28}},"2":{"start":{"line":9,"column":25},"end":{"line":9,"column":47}},"3":{"start":{"line":10,"column":8},"end":{"line":10,"column":38}},"4":{"start":{"line":11,"column":8},"end":{"line":11,"column":24}},"5":{"start":{"line":15,"column":8},"end":{"line":15,"column":53}},"6":{"start":{"line":15,"column":17},"end":{"line":15,"column":53}},"7":{"start":{"line":16,"column":25},"end":{"line":16,"column":76}},"8":{"start":{"line":16,"column":57},"end":{"line":16,"column":75}},"9":{"start":{"line":17,"column":8},"end":{"line":17,"column":65}},"10":{"start":{"line":17,"column":23},"end":{"line":17,"column":65}},"11":{"start":{"line":18,"column":8},"end":{"line":18,"column":24}},"12":{"start":{"line":22,"column":0},"end":{"line":22,"column":33}}},"fnMap":{"0":{"name":"(anonymous_0)","decl":{"start":{"line":4,"column":4},"end":{"line":4,"column":5}},"loc":{"start":{"line":4,"column":18},"end":{"line":6,"column":5}},"line":4},"1":{"name":"(anonymous_1)","decl":{"start":{"line":8,"column":4},"end":{"line":8,"column":5}},"loc":{"start":{"line":8,"column":26},"end":{"line":12,"column":5}},"line":8},"2":{"name":"(anonymous_2)","decl":{"start":{"line":14,"column":4},"end":{"line":14,"column":5}},"loc":{"start":{"line":14,"column":24},"end":{"line":19,"column":5}},"line":14},"3":{"name":"(anonymous_3)","decl":{"start":{"line":16,"column":45},"end":{"line":16,"column":46}},"loc":{"start":{"line":16,"column":57},"end":{"line":16,"column":75}},"line":16}},"branchMap":{"0":{"loc":{"start":{"line":15,"column":8},"end":{"line":15,"column":53}},"type":"if","locations":[{"start":{"line":15,"column":8},"end":{"line":15,"column":53}},{"start":{},"end":{}}],"line":15},"1":{"loc":{"start":{"line":17,"column":8},"end":{"line":17,"column":65}},"type":"if","locations":[{"start":{"line":17,"column":8},"end":{"line":17,"column":65}},{"start":{},"end":{}}],"line":17}},"s":{"0":1,"1":3,"2":2,"3":2,"4":2,"5":2,"6":0,"7":2,"8":1,"9":2,"10":1,"11":1,"12":1},"f":{"0":3,"1":2,"2":2,"3":1},"b":{"0":[0,2],"1":[1,1]},"_coverageSchema":"1a1c01bbd47fc00a2c39e90264f33305004495a9","hash":"3dc5d81e81e89cb6f5ec2fd4008d512f1ccac70a"}
,"F:\\Faculdade_zip\\Faculdade\\6periodo\\testes\\Seminario1_Testes\\src\\services\\OrderService.js": {"path":"F:\\Faculdade_zip\\Faculdade\\6periodo\\testes\\Seminario1_Testes\\src\\services\\OrderService.js","statementMap":{"0":{"start":{"line":1,"column":14},"end":{"line":1,"column":40}},"1":{"start":{"line":5,"column":8},"end":{"line":5,"column":25}},"2":{"start":{"line":9,"column":22},"end":{"line":9,"column":47}},"3":{"start":{"line":10,"column":8},"end":{"line":10,"column":32}},"4":{"start":{"line":11,"column":8},"end":{"line":11,"column":21}},"5":{"start":{"line":15,"column":8},"end":{"line":15,"column":53}},"6":{"start":{"line":15,"column":17},"end":{"line":15,"column":53}},"7":{"start":{"line":16,"column":22},"end":{"line":16,"column":64}},"8":{"start":{"line":16,"column":48},"end":{"line":16,"column":63}},"9":{"start":{"line":17,"column":8},"end":{"line":17,"column":61}},"10":{"start":{"line":17,"column":20},"end":{"line":17,"column":61}},"11":{"start":{"line":18,"column":8},"end":{"line":18,"column":21}},"12":{"start":{"line":22,"column":8},"end":{"line":22,"column":53}},"13":{"start":{"line":22,"column":17},"end":{"line":22,"column":53}},"14":{"start":{"line":23,"column":22},"end":{"line":23,"column":69}},"15":{"start":{"line":23,"column":53},"end":{"line":23,"column":68}},"16":{"start":{"line":24,"column":8},"end":{"line":24,"column":67}},"17":{"start":{"line":24,"column":26},"end":{"line":24,"column":67}},"18":{"start":{"line":25,"column":8},"end":{"line":25,"column":37}},"19":{"start":{"line":29,"column":8},"end":{"line":29,"column":82}},"20":{"start":{"line":29,"column":38},"end":{"line":29,"column":82}},"21":{"start":{"line":30,"column":8},"end":{"line":30,"column":27}},"22":{"start":{"line":34,"column":0},"end":{"line":34,"column":30}}},"fnMap":{"0":{"name":"(anonymous_0)","decl":{"start":{"line":4,"column":4},"end":{"line":4,"column":5}},"loc":{"start":{"line":4,"column":18},"end":{"line":6,"column":5}},"line":4},"1":{"name":"(anonymous_1)","decl":{"start":{"line":8,"column":4},"end":{"line":8,"column":5}},"loc":{"start":{"line":8,"column":32},"end":{"line":12,"column":5}},"line":8},"2":{"name":"(anonymous_2)","decl":{"start":{"line":14,"column":4},"end":{"line":14,"column":5}},"loc":{"start":{"line":14,"column":22},"end":{"line":19,"column":5}},"line":14},"3":{"name":"(anonymous_3)","decl":{"start":{"line":16,"column":39},"end":{"line":16,"column":40}},"loc":{"start":{"line":16,"column":48},"end":{"line":16,"column":63}},"line":16},"4":{"name":"(anonymous_4)","decl":{"start":{"line":21,"column":4},"end":{"line":21,"column":5}},"loc":{"start":{"line":21,"column":20},"end":{"line":26,"column":5}},"line":21},"5":{"name":"(anonymous_5)","decl":{"start":{"line":23,"column":44},"end":{"line":23,"column":45}},"loc":{"start":{"line":23,"column":53},"end":{"line":23,"column":68}},"line":23},"6":{"name":"(anonymous_6)","decl":{"start":{"line":28,"column":4},"end":{"line":28,"column":5}},"loc":{"start":{"line":28,"column":17},"end":{"line":31,"column":5}},"line":28}},"branchMap":{"0":{"loc":{"start":{"line":15,"column":8},"end":{"line":15,"column":53}},"type":"if","locations":[{"start":{"line":15,"column":8},"end":{"line":15,"column":53}},{"start":{},"end":{}}],"line":15},"1":{"loc":{"start":{"line":17,"column":8},"end":{"line":17,"column":61}},"type":"if","locations":[{"start":{"line":17,"column":8},"end":{"line":17,"column":61}},{"start":{},"end":{}}],"line":17},"2":{"loc":{"start":{"line":22,"column":8},"end":{"line":22,"column":53}},"type":"if","locations":[{"start":{"line":22,"column":8},"end":{"line":22,"column":53}},{"start":{},"end":{}}],"line":22},"3":{"loc":{"start":{"line":24,"column":8},"end":{"line":24,"column":67}},"type":"if","locations":[{"start":{"line":24,"column":8},"end":{"line":24,"column":67}},{"start":{},"end":{}}],"line":24},"4":{"loc":{"start":{"line":29,"column":8},"end":{"line":29,"column":82}},"type":"if","locations":[{"start":{"line":29,"column":8},"end":{"line":29,"column":82}},{"start":{},"end":{}}],"line":29}},"s":{"0":1,"1":4,"2":3,"3":3,"4":3,"5":3,"6":0,"7":3,"8":1,"9":3,"10":2,"11":1,"12":1,"13":0,"14":1,"15":1,"16":1,"17":0,"18":1,"19":0,"20":0,"21":0,"22":1},"f":{"0":4,"1":3,"2":3,"3":1,"4":1,"5":1,"6":0},"b":{"0":[0,3],"1":[2,1],"2":[0,1],"3":[0,1],"4":[0,0]},"_coverageSchema":"1a1c01bbd47fc00a2c39e90264f33305004495a9","hash":"54d312ed67d837e402b23244f61fc22618af81ff"}
}
